<?xml version="1.0" encoding="UTF-8"?>
<coverage generated="1714889121906" clover="3.2.0">
  <project timestamp="1714889121907" name="All files">
    <metrics statements="17" coveredstatements="12" conditionals="10" coveredconditionals="8" methods="9" coveredmethods="6" elements="36" coveredelements="26" complexity="0" loc="17" ncloc="17" packages="4" files="4" classes="4"/>
    <package name="shared.config.i18n">
      <metrics statements="1" coveredstatements="1" conditionals="0" coveredconditionals="0" methods="0" coveredmethods="0"/>
      <file name="i18n.ts" path="D:\ReactProjects\ProductionProject\src\shared\config\i18n\i18n.ts">
        <metrics statements="1" coveredstatements="1" conditionals="0" coveredconditionals="0" methods="0" coveredmethods="0"/>
        <line num="7" count="1" type="stmt"/>
      </file>
    </package>
    <package name="shared.lib.classNames">
      <metrics statements="4" coveredstatements="4" conditionals="2" coveredconditionals="2" methods="3" coveredmethods="3"/>
      <file name="classNames.ts" path="D:\ReactProjects\ProductionProject\src\shared\lib\classNames\classNames.ts">
        <metrics statements="4" coveredstatements="4" conditionals="2" coveredconditionals="2" methods="3" coveredmethods="3"/>
        <line num="8" count="4" type="stmt"/>
        <line num="12" count="4" type="stmt"/>
        <line num="13" count="3" type="stmt"/>
        <line num="16" count="4" type="stmt"/>
      </file>
    </package>
    <package name="shared.ui.Button.ui">
      <metrics statements="2" coveredstatements="2" conditionals="0" coveredconditionals="0" methods="1" coveredmethods="1"/>
      <file name="Button.tsx" path="D:\ReactProjects\ProductionProject\src\shared\ui\Button\ui\Button.tsx">
        <metrics statements="2" coveredstatements="2" conditionals="0" coveredconditionals="0" methods="1" coveredmethods="1"/>
        <line num="8" count="1" type="stmt"/>
        <line num="9" count="1" type="stmt"/>
      </file>
    </package>
    <package name="widgets.LangSwitcher.ui">
      <metrics statements="10" coveredstatements="5" conditionals="8" coveredconditionals="6" methods="5" coveredmethods="2"/>
      <file name="LangSwitcher.tsx" path="D:\ReactProjects\ProductionProject\src\widgets\LangSwitcher\ui\LangSwitcher.tsx">
        <metrics statements="10" coveredstatements="5" conditionals="8" coveredconditionals="6" methods="5" coveredmethods="2"/>
        <line num="8" count="1" type="stmt"/>
        <line num="18" count="3" type="stmt"/>
        <line num="19" count="3" type="stmt"/>
        <line num="20" count="0" type="stmt"/>
        <line num="22" count="3" type="stmt"/>
        <line num="30" count="1" type="stmt"/>
        <line num="72" count="0" type="stmt"/>
        <line num="73" count="0" type="stmt"/>
        <line num="81" count="0" type="stmt"/>
        <line num="82" count="0" type="stmt"/>
      </file>
    </package>
  </project>
</coverage>
