<?xml version="1.0" encoding="UTF-8"?>
<coverage generated="1715418290694" clover="3.2.0">
  <project timestamp="1715418290694" name="All files">
    <metrics statements="16" coveredstatements="11" conditionals="10" coveredconditionals="8" methods="9" coveredmethods="6" elements="35" coveredelements="25" complexity="0" loc="16" ncloc="16" packages="3" files="3" classes="3"/>
    <package name="lib.classNames">
      <metrics statements="4" coveredstatements="4" conditionals="2" coveredconditionals="2" methods="3" coveredmethods="3"/>
      <file name="classNames.ts" path="D:\ReactProjects\ProductionProject\src\shared\lib\classNames\classNames.ts">
        <metrics statements="4" coveredstatements="4" conditionals="2" coveredconditionals="2" methods="3" coveredmethods="3"/>
        <line num="8" count="4" type="stmt"/>
        <line num="12" count="4" type="stmt"/>
        <line num="13" count="3" type="stmt"/>
        <line num="16" count="4" type="stmt"/>
      </file>
    </package>
    <package name="ui.Button.ui">
      <metrics statements="2" coveredstatements="2" conditionals="0" coveredconditionals="0" methods="1" coveredmethods="1"/>
      <file name="Button.tsx" path="D:\ReactProjects\ProductionProject\src\shared\ui\Button\ui\Button.tsx">
        <metrics statements="2" coveredstatements="2" conditionals="0" coveredconditionals="0" methods="1" coveredmethods="1"/>
        <line num="8" count="1" type="stmt"/>
        <line num="9" count="1" type="stmt"/>
      </file>
    </package>
    <package name="ui.LangSwitcher.ui">
      <metrics statements="10" coveredstatements="5" conditionals="8" coveredconditionals="6" methods="5" coveredmethods="2"/>
      <file name="LangSwitcher.tsx" path="D:\ReactProjects\ProductionProject\src\shared\ui\LangSwitcher\ui\LangSwitcher.tsx">
        <metrics statements="10" coveredstatements="5" conditionals="8" coveredconditionals="6" methods="5" coveredmethods="2"/>
        <line num="7" count="1" type="stmt"/>
        <line num="17" count="3" type="stmt"/>
        <line num="18" count="3" type="stmt"/>
        <line num="19" count="0" type="stmt"/>
        <line num="21" count="3" type="stmt"/>
        <line num="29" count="1" type="stmt"/>
        <line num="71" count="0" type="stmt"/>
        <line num="72" count="0" type="stmt"/>
        <line num="80" count="0" type="stmt"/>
        <line num="81" count="0" type="stmt"/>
      </file>
    </package>
  </project>
</coverage>
