{"D:\\ReactProjects\\ProductionProject\\src\\shared\\config\\i18n\\i18n.ts": {"path":"D:\\ReactProjects\\ProductionProject\\src\\shared\\config\\i18n\\i18n.ts","statementMap":{"0":{"start":{"line":7,"column":0},"end":{"line":19,"column":5}}},"fnMap":{},"branchMap":{},"s":{"0":1},"f":{},"b":{},"_coverageSchema":"1a1c01bbd47fc00a2c39e90264f33305004495a9","hash":"1bdb1d705b8da4336fd0e6abd56f24fd33a96941"}
,"D:\\ReactProjects\\ProductionProject\\src\\shared\\lib\\classNames\\classNames.ts": {"path":"D:\\ReactProjects\\ProductionProject\\src\\shared\\lib\\classNames\\classNames.ts","statementMap":{"0":{"start":{"line":8,"column":20},"end":{"line":14,"column":3}},"1":{"start":{"line":12,"column":30},"end":{"line":12,"column":44}},"2":{"start":{"line":13,"column":28},"end":{"line":13,"column":37}},"3":{"start":{"line":16,"column":2},"end":{"line":16,"column":29}}},"fnMap":{"0":{"name":"classNames","decl":{"start":{"line":3,"column":16},"end":{"line":3,"column":26}},"loc":{"start":{"line":7,"column":10},"end":{"line":17,"column":1}},"line":7},"1":{"name":"(anonymous_1)","decl":{"start":{"line":12,"column":14},"end":{"line":12,"column":15}},"loc":{"start":{"line":12,"column":30},"end":{"line":12,"column":44}},"line":12},"2":{"name":"(anonymous_2)","decl":{"start":{"line":13,"column":11},"end":{"line":13,"column":12}},"loc":{"start":{"line":13,"column":28},"end":{"line":13,"column":37}},"line":13}},"branchMap":{"0":{"loc":{"start":{"line":5,"column":2},"end":{"line":5,"column":21}},"type":"default-arg","locations":[{"start":{"line":5,"column":19},"end":{"line":5,"column":21}}],"line":5},"1":{"loc":{"start":{"line":6,"column":2},"end":{"line":6,"column":27}},"type":"default-arg","locations":[{"start":{"line":6,"column":25},"end":{"line":6,"column":27}}],"line":6}},"s":{"0":4,"1":4,"2":3,"3":4},"f":{"0":4,"1":4,"2":3},"b":{"0":[1],"1":[1]},"_coverageSchema":"1a1c01bbd47fc00a2c39e90264f33305004495a9","hash":"03663cb8be1b977894ee02d12ef6d40eb299c499"}
,"D:\\ReactProjects\\ProductionProject\\src\\shared\\ui\\Button\\ui\\Button.tsx": {"path":"D:\\ReactProjects\\ProductionProject\\src\\shared\\ui\\Button\\ui\\Button.tsx","statementMap":{"0":{"start":{"line":7,"column":38},"end":{"line":9,"column":1}},"1":{"start":{"line":8,"column":2},"end":{"line":8,"column":62}}},"fnMap":{"0":{"name":"(anonymous_0)","decl":{"start":{"line":7,"column":38},"end":{"line":7,"column":39}},"loc":{"start":{"line":7,"column":56},"end":{"line":9,"column":1}},"line":7}},"branchMap":{},"s":{"0":1,"1":1},"f":{"0":1},"b":{},"_coverageSchema":"1a1c01bbd47fc00a2c39e90264f33305004495a9","hash":"48cf3fa41ddcd93e684fdf91e4e1270a3792977f"}
,"D:\\ReactProjects\\ProductionProject\\src\\widgets\\LangSwitcher\\ui\\LangSwitcher.tsx": {"path":"D:\\ReactProjects\\ProductionProject\\src\\widgets\\LangSwitcher\\ui\\LangSwitcher.tsx","statementMap":{"0":{"start":{"line":8,"column":31},"end":{"line":15,"column":1}},"1":{"start":{"line":18,"column":30},"end":{"line":18,"column":45}},"2":{"start":{"line":19,"column":21},"end":{"line":21,"column":3}},"3":{"start":{"line":20,"column":4},"end":{"line":20,"column":48}},"4":{"start":{"line":22,"column":2},"end":{"line":90,"column":4}},"5":{"start":{"line":30,"column":23},"end":{"line":30,"column":41}},"6":{"start":{"line":72,"column":12},"end":{"line":72,"column":29}},"7":{"start":{"line":73,"column":12},"end":{"line":73,"column":29}},"8":{"start":{"line":81,"column":12},"end":{"line":81,"column":29}},"9":{"start":{"line":82,"column":12},"end":{"line":82,"column":29}}},"fnMap":{"0":{"name":"LangSwitcher","decl":{"start":{"line":17,"column":24},"end":{"line":17,"column":36}},"loc":{"start":{"line":17,"column":39},"end":{"line":91,"column":1}},"line":17},"1":{"name":"(anonymous_1)","decl":{"start":{"line":19,"column":21},"end":{"line":19,"column":22}},"loc":{"start":{"line":19,"column":39},"end":{"line":21,"column":3}},"line":19},"2":{"name":"(anonymous_2)","decl":{"start":{"line":30,"column":17},"end":{"line":30,"column":18}},"loc":{"start":{"line":30,"column":23},"end":{"line":30,"column":41}},"line":30},"3":{"name":"(anonymous_3)","decl":{"start":{"line":71,"column":19},"end":{"line":71,"column":20}},"loc":{"start":{"line":71,"column":25},"end":{"line":74,"column":11}},"line":71},"4":{"name":"(anonymous_4)","decl":{"start":{"line":80,"column":19},"end":{"line":80,"column":20}},"loc":{"start":{"line":80,"column":25},"end":{"line":83,"column":11}},"line":80}},"branchMap":{"0":{"loc":{"start":{"line":25,"column":15},"end":{"line":25,"column":41}},"type":"cond-expr","locations":[{"start":{"line":25,"column":24},"end":{"line":25,"column":30}},{"start":{"line":25,"column":33},"end":{"line":25,"column":41}}],"line":25},"1":{"loc":{"start":{"line":68,"column":32},"end":{"line":68,"column":56}},"type":"cond-expr","locations":[{"start":{"line":68,"column":41},"end":{"line":68,"column":47}},{"start":{"line":68,"column":50},"end":{"line":68,"column":56}}],"line":68},"2":{"loc":{"start":{"line":77,"column":24},"end":{"line":77,"column":65}},"type":"cond-expr","locations":[{"start":{"line":77,"column":48},"end":{"line":77,"column":60}},{"start":{"line":77,"column":63},"end":{"line":77,"column":65}}],"line":77},"3":{"loc":{"start":{"line":86,"column":24},"end":{"line":86,"column":65}},"type":"cond-expr","locations":[{"start":{"line":86,"column":48},"end":{"line":86,"column":60}},{"start":{"line":86,"column":63},"end":{"line":86,"column":65}}],"line":86}},"s":{"0":1,"1":3,"2":3,"3":0,"4":3,"5":1,"6":0,"7":0,"8":0,"9":0},"f":{"0":3,"1":0,"2":1,"3":0,"4":0},"b":{"0":[1,2],"1":[1,2],"2":[0,3],"3":[0,3]},"_coverageSchema":"1a1c01bbd47fc00a2c39e90264f33305004495a9","hash":"f7d8dd03b001757cc66f9e9f5f53c8cdcdd560f4"}
}
