TN:
SF:src\shared\config\i18n\i18n.ts
FNF:0
FNH:0
DA:7,1
LF:1
LH:1
BRF:0
BRH:0
end_of_record
TN:
SF:src\shared\lib\classNames\classNames.ts
FN:3,classNames
FN:12,(anonymous_1)
FN:13,(anonymous_2)
FNF:3
FNH:3
FNDA:4,classNames
FNDA:4,(anonymous_1)
FNDA:3,(anonymous_2)
DA:8,4
DA:12,4
DA:13,3
DA:16,4
LF:4
LH:4
BRDA:5,0,0,1
BRDA:6,1,0,1
BRF:2
BRH:2
end_of_record
TN:
SF:src\shared\ui\Button\ui\Button.tsx
FN:7,(anonymous_0)
FNF:1
FNH:1
FNDA:1,(anonymous_0)
DA:7,1
DA:8,1
LF:2
LH:2
BRF:0
BRH:0
end_of_record
TN:
SF:src\widgets\LangSwitcher\ui\LangSwitcher.tsx
FN:17,LangSwitcher
FN:19,(anonymous_1)
FN:30,(anonymous_2)
FN:71,(anonymous_3)
FN:80,(anonymous_4)
FNF:5
FNH:2
FNDA:3,LangSwitcher
FNDA:0,(anonymous_1)
FNDA:1,(anonymous_2)
FNDA:0,(anonymous_3)
FNDA:0,(anonymous_4)
DA:8,1
DA:18,3
DA:19,3
DA:20,0
DA:22,3
DA:30,1
DA:72,0
DA:73,0
DA:81,0
DA:82,0
LF:10
LH:5
BRDA:25,0,0,1
BRDA:25,0,1,2
BRDA:68,1,0,1
BRDA:68,1,1,2
BRDA:77,2,0,0
BRDA:77,2,1,3
BRDA:86,3,0,0
BRDA:86,3,1,3
BRF:8
BRH:6
end_of_record
