TN:
SF:src\shared\lib\classNames\classNames.ts
FN:3,classNames
FN:12,(anonymous_1)
FN:13,(anonymous_2)
FNF:3
FNH:3
FNDA:4,classNames
FNDA:4,(anonymous_1)
FNDA:3,(anonymous_2)
DA:8,4
DA:12,4
DA:13,3
DA:16,4
LF:4
LH:4
BRDA:5,0,0,1
BRDA:6,1,0,1
BRF:2
BRH:2
end_of_record
TN:
SF:src\shared\ui\Button\ui\Button.tsx
FN:8,(anonymous_0)
FNF:1
FNH:1
FNDA:1,(anonymous_0)
DA:8,1
DA:9,1
LF:2
LH:2
BRF:0
BRH:0
end_of_record
TN:
SF:src\shared\ui\LangSwitcher\ui\LangSwitcher.tsx
FN:16,LangSwitcher
FN:18,(anonymous_1)
FN:29,(anonymous_2)
FN:70,(anonymous_3)
FN:79,(anonymous_4)
FNF:5
FNH:2
FNDA:3,LangSwitcher
FNDA:0,(anonymous_1)
FNDA:1,(anonymous_2)
FNDA:0,(anonymous_3)
FNDA:0,(anonymous_4)
DA:7,1
DA:17,3
DA:18,3
DA:19,0
DA:21,3
DA:29,1
DA:71,0
DA:72,0
DA:80,0
DA:81,0
LF:10
LH:5
BRDA:24,0,0,1
BRDA:24,0,1,2
BRDA:67,1,0,1
BRDA:67,1,1,2
BRDA:76,2,0,0
BRDA:76,2,1,3
BRDA:85,3,0,0
BRDA:85,3,1,3
BRF:8
BRH:6
end_of_record
